<?xml version="1.0" encoding="UTF-8"?>
<!-- Generated by org.testng.reporters.JUnitReportReporter -->
<testsuite hostname="LAPTOP-HI55A0AA" failures="0" tests="1" name="com.testNG.SoftAssertConcept" time="0.013" errors="0" timestamp="2024-09-17T12:45:06 IST" skipped="0">
  <testcase classname="com.testNG.SoftAssertConcept" name="softAssert" time="0.013"/>
  <system-out/>
</testsuite> <!-- com.testNG.SoftAssertConcept -->
