<?xml version="1.0" encoding="UTF-8"?>
<!-- Generated by org.testng.reporters.JUnitReportReporter -->
<testsuite hostname="LAPTOP-HI55A0AA" failures="0" tests="3" name="testNG.CrossBrowserTesting" time="41.900" errors="0" timestamp="2024-09-16T20:00:59 IST" skipped="0">
  <testcase classname="testNG.CrossBrowserTesting" name="chrome" time="19.709"/>
  <system-out/>
  <testcase classname="testNG.CrossBrowserTesting" name="edge" time="10.141"/>
  <system-out/>
  <testcase classname="testNG.CrossBrowserTesting" name="firefox" time="12.050"/>
  <system-out/>
</testsuite> <!-- testNG.CrossBrowserTesting -->
