<?xml version="1.0" encoding="UTF-8"?>
<!-- Generated by org.testng.reporters.JUnitReportReporter -->
<testsuite hostname="LAPTOP-HI55A0AA" failures="0" tests="3" name="com.testNG.CrossBrowserTesting" time="78.278" errors="0" timestamp="2024-09-17T12:26:46 IST" skipped="0">
  <testcase classname="com.testNG.CrossBrowserTesting" name="edge" time="29.184"/>
  <system-out/>
  <testcase classname="com.testNG.CrossBrowserTesting" name="firefox" time="34.604"/>
  <system-out/>
  <testcase classname="com.testNG.CrossBrowserTesting" name="chrome" time="14.490"/>
  <system-out/>
</testsuite> <!-- com.testNG.CrossBrowserTesting -->
